** Drc report for 555_blinker.kicad_pcb **
** Created on 2026-04-05T20:15:40+0000 **
** Report includes: Errors, Warnings, Exclusions **

** Found 0 DRC violations **

** Found 11 unconnected pads **
[unconnected_items]: Missing connection between items
    Local override; error
    @(20.0000 mm, 90.0000 mm): PTH pad 1 [GND] of R3
    @(62.0000 mm, 90.0000 mm): PTH pad 2 [GND] of C1
[unconnected_items]: Missing connection between items
    Local override; error
    @(62.0000 mm, 90.0000 mm): PTH pad 2 [GND] of C1
    @(60.0000 mm, 60.0000 mm): PTH pad 1 [GND] of U1
[unconnected_items]: Missing connection between items
    Local override; error
    @(60.0000 mm, 67.6200 mm): PTH pad 4 [VCC] of U1
    @(67.6200 mm, 60.0000 mm): PTH pad 8 [VCC] of U1
[unconnected_items]: Missing connection between items
    Local override; error
    @(67.6200 mm, 60.0000 mm): PTH pad 8 [VCC] of U1
    @(60.0000 mm, 30.0000 mm): PTH pad 1 [VCC] of R1
[unconnected_items]: Missing connection between items
    Local override; error
    @(20.0000 mm, 60.0000 mm): PTH pad 1 [OUT] of D1
    @(60.0000 mm, 65.0800 mm): PTH pad 3 [OUT] of U1
[unconnected_items]: Missing connection between items
    Local override; error
    @(60.0000 mm, 90.0000 mm): PTH pad 1 [TR_TH] of C1
    @(67.6200 mm, 65.0800 mm): PTH pad 6 [TR_TH] of U1
[unconnected_items]: Missing connection between items
    Local override; error
    @(67.6200 mm, 65.0800 mm): PTH pad 6 [TR_TH] of U1
    @(60.0000 mm, 62.5400 mm): PTH pad 2 [TR_TH] of U1
[unconnected_items]: Missing connection between items
    Local override; error
    @(67.6200 mm, 65.0800 mm): PTH pad 6 [TR_TH] of U1
    @(100.0000 mm, 52.3800 mm): PTH pad 2 [TR_TH] of R2
[unconnected_items]: Missing connection between items
    Local override; error
    @(67.6200 mm, 30.0000 mm): PTH pad 2 [DIS] of R1
    @(67.6200 mm, 62.5400 mm): PTH pad 7 [DIS] of U1
[unconnected_items]: Missing connection between items
    Local override; error
    @(67.6200 mm, 62.5400 mm): PTH pad 7 [DIS] of U1
    @(100.0000 mm, 60.0000 mm): PTH pad 1 [DIS] of R2
[unconnected_items]: Missing connection between items
    Local override; error
    @(20.0000 mm, 82.3800 mm): PTH pad 2 [LED_K] of R3
    @(22.5400 mm, 60.0000 mm): PTH pad 2 [LED_K] of D1

** Found 0 Footprint errors **

** End of Report **
